

 NONBONDED NEIGHBOR LISTS IN angstrom (PROCESS 0)
  Atom-A     X          Y          Z     Atom-B     X          Y          Z      Cell(i,j,k)          Distance ONFO VDW-scale EI-scale
      24  -2.847851  -3.716165   0.000000     8  -1.372542  -4.657817   1.616528   0   0   0            2.3825
      24  -2.847851  -3.716165   0.000000    10  -2.925643  -1.795411   1.656825   0   0   0            2.5378
      37   0.300087  -3.824836   0.163548     8  -1.372542  -4.657817   1.616528   0   0   0            2.3670
      37   0.300087  -3.824836   0.163548     4   1.914964  -4.673062   1.683839   0   0   0            2.3746
      37   0.300087  -3.824836   0.163548     1   0.199786  -1.942686   1.671521   0   0   0            2.4138
      31   3.408060  -3.708892   0.127502     4   1.914964  -4.673062   1.683839   0   0   0            2.3624
      31   3.408060  -3.708892   0.127502    15   4.887119  -4.684936   1.676750   0   0   0            2.3538
      31   3.408060  -3.708892   0.127502    11   3.398078  -1.943928   1.675741   0   0   0            2.3478
      41   6.502718  -3.633996   0.041436    15   4.887119  -4.684936   1.676750   0   0   0            2.5276
      41   6.502718  -3.633996   0.041436    16   8.096017  -4.587348   1.553700   0   0   0            2.3947
      41   6.502718  -3.633996   0.041436    14   6.548654  -1.848525   1.668742   0   0   0            2.4162
      29  -4.507128  -0.921493   0.030537    10  -2.925643  -1.795411   1.656825   0   0   0            2.4310
      29  -4.507128  -0.921493   0.030537     6  -4.494863   0.796102   1.670117   0   0   0            2.3746
      18  -1.377937  -1.052824   0.008390    10  -2.925643  -1.795411   1.656825   0   0   0            2.3800
      18  -1.377937  -1.052824   0.008390     1   0.199786  -1.942686   1.671521   0   0   0            2.4591
      18  -1.377937  -1.052824   0.008390     3  -1.365643   0.892413   1.689138   0   0   0            2.5708
      19   1.822239  -1.054824   0.119550     1   0.199786  -1.942686   1.671521   0   0   0            2.4144
      19   1.822239  -1.054824   0.119550    11   3.398078  -1.943928   1.675741   0   0   0            2.3865
      19   1.822239  -1.054824   0.119550     2   1.776133   0.777432   1.725390   0   0   0            2.4368
      25   4.983637  -0.987586   0.090979    11   3.398078  -1.943928   1.675741   0   0   0            2.4372
      25   4.983637  -0.987586   0.090979    14   6.548654  -1.848525   1.668742   0   0   0            2.3832
      25   4.983637  -0.987586   0.090979     7   4.951390   0.802067   1.676094   0   0   0            2.3909
      43  -6.108956   1.864798   0.221226    45  -7.664509   4.427783   0.133042   0   0   0            2.9994
      43  -6.108956   1.864798   0.221226     6  -4.494863   0.796102   1.670117   0   0   0            2.4180
      43  -6.108956   1.864798   0.221226    46  -6.045241   1.751128   3.179628   0   0   0            2.9613
      43  -6.108956   1.864798   0.221226    13  -6.065255   3.639921   1.711373   0   0   0            2.3181
      36  -2.928897   1.734330   0.160558     6  -4.494863   0.796102   1.670117   0   0   0            2.3688
      36  -2.928897   1.734330   0.160558     3  -1.365643   0.892413   1.689138   0   0   0            2.3429
      36  -2.928897   1.734330   0.160558     9  -3.011683   3.478473   1.763674   0   0   0            2.3704
      17   0.239999   1.729670   0.099362     3  -1.365643   0.892413   1.689138   0   0   0            2.4097
      17   0.239999   1.729670   0.099362     2   1.776133   0.777432   1.725390   0   0   0            2.4311
      17   0.239999   1.729670   0.099362    12   0.322658   3.533282   1.661026   0   0   0            2.3872
      35   3.349123   1.655056   0.151052     2   1.776133   0.777432   1.725390   0   0   0            2.3923
      35   3.349123   1.655056   0.151052     7   4.951390   0.802067   1.676094   0   0   0            2.3708
      35   3.349123   1.655056   0.151052     5   3.407175   3.513279   1.657403   0   0   0            2.3928
      45  -7.664509   4.427783   0.133042    13  -6.065255   3.639921   1.711373   0   0   0            2.3811
      44  -4.442178   4.464034   0.098488    13  -6.065255   3.639921   1.711373   0   0   0            2.4321
      44  -4.442178   4.464034   0.098488     9  -3.011683   3.478473   1.763674   0   0   0            2.4063
      23  -1.432399   4.336107   0.123949     9  -3.011683   3.478473   1.763674   0   0   0            2.4328
      23  -1.432399   4.336107   0.123949    12   0.322658   3.533282   1.661026   0   0   0            2.4673
      30   1.830498   4.443367   0.107820    12   0.322658   3.533282   1.661026   0   0   0            2.3483
      30   1.830498   4.443367   0.107820     5   3.407175   3.513279   1.657403   0   0   0            2.3984
      27  -3.029169  -3.650804   3.188974     8  -1.372542  -4.657817   1.616528   0   0   0            2.4962
       8  -1.372542  -4.657817   1.616528    40   0.145249  -3.768972   3.181862   0   0   0            2.3546
      27  -3.029169  -3.650804   3.188974    10  -2.925643  -1.795411   1.656825   0   0   0            2.4085
      40   0.145249  -3.768972   3.181862     4   1.914964  -4.673062   1.683839   0   0   0            2.4886
       4   1.914964  -4.673062   1.683839    15   4.887119  -4.684936   1.676750   0   0   0            2.9722
       4   1.914964  -4.673062   1.683839    34   3.400320  -3.739987   3.250749   0   0   0            2.3520
      40   0.145249  -3.768972   3.181862     1   0.199786  -1.942686   1.671521   0   0   0            2.3705
      34   3.400320  -3.739987   3.250749    15   4.887119  -4.684936   1.676750   0   0   0            2.3624
      15   4.887119  -4.684936   1.676750    42   6.480731  -3.781488   3.070403   0   0   0            2.3018
      34   3.400320  -3.739987   3.250749    11   3.398078  -1.943928   1.675741   0   0   0            2.3888
      42   6.480731  -3.781488   3.070403    16   8.096017  -4.587348   1.553700   0   0   0            2.3577
      42   6.480731  -3.781488   3.070403    14   6.548654  -1.848525   1.668742   0   0   0            2.3886
      32  -4.587664  -1.019238   3.213361    10  -2.925643  -1.795411   1.656825   0   0   0            2.4057
      10  -2.925643  -1.795411   1.656825    21  -1.347009  -1.006799   3.151535   0   0   0            2.3126
      32  -4.587664  -1.019238   3.213361     6  -4.494863   0.796102   1.670117   0   0   0            2.3845
      21  -1.347009  -1.006799   3.151535     1   0.199786  -1.942686   1.671521   0   0   0            2.3364
       1   0.199786  -1.942686   1.671521    22   1.777739  -1.039740   3.194845   0   0   0            2.3719
      21  -1.347009  -1.006799   3.151535     3  -1.365643   0.892413   1.689138   0   0   0            2.3971
      22   1.777739  -1.039740   3.194845    11   3.398078  -1.943928   1.675741   0   0   0            2.3981
      11   3.398078  -1.943928   1.675741    28   4.915120  -0.989635   3.212053   0   0   0            2.3606
      22   1.777739  -1.039740   3.194845     2   1.776133   0.777432   1.725390   0   0   0            2.3370
      28   4.915120  -0.989635   3.212053    14   6.548654  -1.848525   1.668742   0   0   0            2.4058
      28   4.915120  -0.989635   3.212053     7   4.951390   0.802067   1.676094   0   0   0            2.3602
      46  -6.045241   1.751128   3.179628     6  -4.494863   0.796102   1.670117   0   0   0            2.3652
       6  -4.494863   0.796102   1.670117    39  -2.938888   1.668143   3.306316   0   0   0            2.4205
      46  -6.045241   1.751128   3.179628    13  -6.065255   3.639921   1.711373   0   0   0            2.3924
      39  -2.938888   1.668143   3.306316     3  -1.365643   0.892413   1.689138   0   0   0            2.3858
       3  -1.365643   0.892413   1.689138    20   0.226582   1.719794   3.278480   0   0   0            2.3970
      39  -2.938888   1.668143   3.306316     9  -3.011683   3.478473   1.763674   0   0   0            2.3796
      20   0.226582   1.719794   3.278480     2   1.776133   0.777432   1.725390   0   0   0            2.3877
       2   1.776133   0.777432   1.725390    38   3.296734   1.711465   3.221692   0   0   0            2.3289
      20   0.226582   1.719794   3.278480    12   0.322658   3.533282   1.661026   0   0   0            2.4319
      38   3.296734   1.711465   3.221692     7   4.951390   0.802067   1.676094   0   0   0            2.4400
      38   3.296734   1.711465   3.221692     5   3.407175   3.513279   1.657403   0   0   0            2.3887
      48  -7.703464   4.454004   3.207758    13  -6.065255   3.639921   1.711373   0   0   0            2.3634
      13  -6.065255   3.639921   1.711373    47  -4.504365   4.522488   3.326793   0   0   0            2.4135
      47  -4.504365   4.522488   3.326793     9  -3.011683   3.478473   1.763674   0   0   0            2.4003
       9  -3.011683   3.478473   1.763674    26  -1.314552   4.397902   3.187365   0   0   0            2.3984
      26  -1.314552   4.397902   3.187365    12   0.322658   3.533282   1.661026   0   0   0            2.3995
      12   0.322658   3.533282   1.661026    33   1.934612   4.505231   3.105496   0   0   0            2.3727
      33   1.934612   4.505231   3.105496     5   3.407175   3.513279   1.657403   0   0   0            2.2912
      24  -2.847851  -3.716165   0.000000    16   8.096017  -4.587348   1.553700  -1   0   0            2.4418
      29  -4.507128  -0.921493   0.030537    14   6.548654  -1.848525   1.668742  -1   0   0            2.4436
      43  -6.108956   1.864798   0.221226     7   4.951390   0.802067   1.676094  -1   0   0            2.3791
      45  -7.664509   4.427783   0.133042     5   3.407175   3.513279   1.657403  -1   0   0            2.3535
      16   8.096017  -4.587348   1.553700    27  -3.029169  -3.650804   3.188974   1   0   0            2.4016
      14   6.548654  -1.848525   1.668742    32  -4.587664  -1.019238   3.213361   1   0   0            2.2929
       7   4.951390   0.802067   1.676094    46  -6.045241   1.751128   3.179628   1   0   0            2.4036
       5   3.407175   3.513279   1.657403    48  -7.703464   4.454004   3.207758   1   0   0            2.3556
      33   1.934612   4.505231   3.105496    48  -7.703464   4.454004   3.207758   1   0   0            2.9782
      45  -7.664509   4.427783   0.133042     8  -1.372542  -4.657817   1.616528   0   1   0            2.3624
      44  -4.442178   4.464034   0.098488     4   1.914964  -4.673062   1.683839   0   1   0            2.3894
      23  -1.432399   4.336107   0.123949    15   4.887119  -4.684936   1.676750   0   1   0            2.4562
      30   1.830498   4.443367   0.107820    16   8.096017  -4.587348   1.553700   0   1   0            2.3827
      48  -7.703464   4.454004   3.207758     8  -1.372542  -4.657817   1.616528   0   1   0            2.4118
      47  -4.504365   4.522488   3.326793     4   1.914964  -4.673062   1.683839   0   1   0            2.3874
      26  -1.314552   4.397902   3.187365    15   4.887119  -4.684936   1.676750   0   1   0            2.3839
      33   1.934612   4.505231   3.105496    16   8.096017  -4.587348   1.553700   0   1   0            2.4049

 Total number of neighbor interactions for process 0: 100
